SF:lib\bloc\employee_bloc.dart
DA:5,12
DA:10,1
DA:11,1
DA:14,0
DA:16,0
DA:17,0
DA:18,0
DA:20,0
DA:22,0
DA:23,0
LF:10
LH:3
end_of_record
SF:lib\bloc\view_type_bloc.dart
DA:4,12
DA:11,1
DA:13,1
DA:14,1
DA:17,0
DA:18,0
LF:6
LH:4
end_of_record
SF:lib\model\employee.dart
DA:8,0
DA:10,2
DA:11,6
DA:12,2
DA:13,2
DA:14,4
DA:17,6
DA:19,0
DA:21,0
LF:9
LH:6
end_of_record
SF:lib\services\employee_service.dart
DA:11,1
DA:14,0
DA:17,2
DA:18,2
DA:19,4
DA:20,0
DA:22,1
DA:24,1
DA:25,4
LF:9
LH:7
end_of_record
SF:lib\widgets\staff_list\action_buttons.dart
DA:12,2
DA:14,2
DA:15,2
DA:17,2
DA:18,2
DA:19,2
DA:20,2
DA:21,1
DA:22,1
DA:26,2
DA:27,2
DA:28,2
DA:29,2
DA:30,1
DA:31,1
LF:15
LH:15
end_of_record
SF:lib\widgets\staff_list\staff_list.dart
DA:9,2
DA:11,2
DA:12,2
DA:14,4
DA:16,2
DA:17,2
DA:18,2
DA:19,3
DA:20,1
DA:21,1
DA:22,3
DA:23,1
DA:25,1
DA:27,1
DA:28,3
DA:30,1
DA:31,1
DA:33,1
DA:34,1
DA:35,3
DA:36,1
DA:38,1
DA:39,3
DA:40,1
DA:44,1
LF:25
LH:25
end_of_record
SF:lib\widgets\landing\landing_screen.dart
DA:14,1
DA:16,1
DA:18,1
DA:19,1
DA:22,1
DA:23,1
DA:25,1
DA:26,1
DA:28,1
DA:29,1
DA:30,1
DA:32,3
DA:34,1
DA:35,1
DA:37,2
DA:40,1
DA:42,1
DA:43,1
DA:44,1
DA:46,3
DA:48,1
DA:49,1
DA:51,2
DA:61,1
DA:62,3
DA:63,1
LF:26
LH:26
end_of_record
SF:lib\widgets\staff_list\staff_screen.dart
DA:12,1
DA:14,1
DA:16,1
DA:17,1
DA:18,1
DA:19,2
DA:21,1
DA:22,3
DA:25,1
DA:27,1
DA:28,3
DA:31,1
DA:33,1
DA:34,1
DA:35,2
DA:43,1
DA:44,1
LF:17
LH:17
end_of_record
